-------------------------------------------------------------------------------
Test set: com.example.campuspulseai.CampusPulseAiApplicationTests
-------------------------------------------------------------------------------
Tests run: 1, Failures: 0, Errors: 1, Skipped: 0, Time elapsed: 3.468 s <<< FAILURE! -- in com.example.campuspulseai.CampusPulseAiApplicationTests
com.example.campuspulseai.CampusPulseAiApplicationTests.contextLoads -- Time elapsed: 0.008 s <<< ERROR!
java.lang.IllegalStateException: Failed to load ApplicationContext for [WebMergedContextConfiguration@175f859e testClass = com.example.campuspulseai.CampusPulseAiApplicationTests, locations = [], classes = [com.example.campuspulseai.CampusPulseAiApplication], contextInitializerClasses = [], activeProfiles = [], propertySourceDescriptors = [], propertySourceProperties = ["org.springframework.boot.test.context.SpringBootTestContextBootstrapper=true"], contextCustomizers = [org.springframework.boot.test.context.filter.ExcludeFilterContextCustomizer@6be968ce, org.springframework.boot.test.json.DuplicateJsonObjectContextCustomizerFactory$DuplicateJsonObjectContextCustomizer@76494737, org.springframework.boot.test.mock.mockito.MockitoContextCustomizer@0, org.springframework.boot.test.web.client.TestRestTemplateContextCustomizer@723ca036, org.springframework.boot.test.web.reactor.netty.DisableReactorResourceFactoryGlobalResourcesContextCustomizerFactory$DisableReactorResourceFactoryGlobalResourcesContextCustomizerCustomizer@5c80cf32, org.springframework.boot.test.autoconfigure.OnFailureConditionReportContextCustomizerFactory$OnFailureConditionReportContextCustomizer@4007f65e, org.springframework.boot.test.autoconfigure.actuate.observability.ObservabilityContextCustomizerFactory$DisableObservabilityContextCustomizer@1f, org.springframework.boot.test.autoconfigure.properties.PropertyMappingContextCustomizer@0, org.springframework.boot.test.autoconfigure.web.servlet.WebDriverContextCustomizer@2dfaea86, org.springframework.test.context.support.DynamicPropertiesContextCustomizer@0, org.springframework.boot.test.context.SpringBootTestAnnotation@4aeb23fa], resourceBasePath = "src/main/webapp", contextLoader = org.springframework.boot.test.context.SpringBootContextLoader, parent = null]
	at org.springframework.test.context.cache.DefaultCacheAwareContextLoaderDelegate.loadContext(DefaultCacheAwareContextLoaderDelegate.java:180)
	at org.springframework.test.context.support.DefaultTestContext.getApplicationContext(DefaultTestContext.java:130)
	at org.springframework.test.context.web.ServletTestExecutionListener.setUpRequestContextIfNecessary(ServletTestExecutionListener.java:200)
	at org.springframework.test.context.web.ServletTestExecutionListener.prepareTestInstance(ServletTestExecutionListener.java:139)
	at org.springframework.test.context.TestContextManager.prepareTestInstance(TestContextManager.java:260)
	at org.springframework.test.context.junit.jupiter.SpringExtension.postProcessTestInstance(SpringExtension.java:159)
	at java.base/java.util.stream.ForEachOps$ForEachOp$OfRef.accept(ForEachOps.java:186)
	at java.base/java.util.stream.ReferencePipeline$3$1.accept(ReferencePipeline.java:215)
	at java.base/java.util.stream.ReferencePipeline$2$1.accept(ReferencePipeline.java:197)
	at java.base/java.util.stream.ReferencePipeline$3$1.accept(ReferencePipeline.java:215)
	at java.base/java.util.ArrayList$ArrayListSpliterator.forEachRemaining(ArrayList.java:1716)
	at java.base/java.util.stream.AbstractPipeline.copyInto(AbstractPipeline.java:570)
	at java.base/java.util.stream.AbstractPipeline.wrapAndCopyInto(AbstractPipeline.java:560)
	at java.base/java.util.stream.ForEachOps$ForEachOp.evaluateSequential(ForEachOps.java:153)
	at java.base/java.util.stream.ForEachOps$ForEachOp$OfRef.evaluateSequential(ForEachOps.java:176)
	at java.base/java.util.stream.AbstractPipeline.evaluate(AbstractPipeline.java:265)
	at java.base/java.util.stream.ReferencePipeline.forEach(ReferencePipeline.java:636)
	at java.base/java.util.Optional.orElseGet(Optional.java:364)
	at java.base/java.util.ArrayList.forEach(ArrayList.java:1604)
	at java.base/java.util.ArrayList.forEach(ArrayList.java:1604)
Caused by: org.springframework.beans.factory.BeanCreationException: Error creating bean with name 'entityManagerFactory' defined in class path resource [org/springframework/boot/autoconfigure/orm/jpa/HibernateJpaConfiguration.class]: Failed to initialize dependency 'liquibase' of LoadTimeWeaverAware bean 'entityManagerFactory': Error creating bean with name 'liquibase' defined in class path resource [org/springframework/boot/autoconfigure/liquibase/LiquibaseAutoConfiguration$LiquibaseConfiguration.class]: liquibase.exception.CommandExecutionException: liquibase.exception.ValidationFailedException: Validation Failed:
     4 changesets check sum
          db/changelog/changes/01-createUser.sql::create-users-table::abdelrahman was: 9:6ac7981ce197d642d37a1c36516e5077 but is now: 9:f4d92f551c82235e561066d034bf97d3
          db/changelog/changes/02-createClub.sql::create-clubs-table::abdelrahman was: 9:01fb1084f0560833b9aed8818fcc2e83 but is now: 9:97b402dc11593f8806e3d1d110c459f6
          db/changelog/changes/03-createEvent.sql::create-event-table::abdelrahman was: 9:10930c70277f737cb808f40cd454f6df but is now: 9:e4d8378c22683b83204322840b4b1e79
          db/changelog/changes/04-createEventAttendees.sql::create-EventAttendees-table::abdelrahman was: 9:4472faf3fd259e5c0f3fe25c3f3376a8 but is now: 9:a33f347457da141a7f74f6b414fc71b5

	at org.springframework.beans.factory.support.AbstractBeanFactory.doGetBean(AbstractBeanFactory.java:328)
	at org.springframework.beans.factory.support.AbstractBeanFactory.getBean(AbstractBeanFactory.java:207)
	at org.springframework.context.support.AbstractApplicationContext.finishBeanFactoryInitialization(AbstractApplicationContext.java:970)
	at org.springframework.context.support.AbstractApplicationContext.refresh(AbstractApplicationContext.java:627)
	at org.springframework.boot.SpringApplication.refresh(SpringApplication.java:752)
	at org.springframework.boot.SpringApplication.refreshContext(SpringApplication.java:439)
	at org.springframework.boot.SpringApplication.run(SpringApplication.java:318)
	at org.springframework.boot.test.context.SpringBootContextLoader.lambda$loadContext$3(SpringBootContextLoader.java:144)
	at org.springframework.util.function.ThrowingSupplier.get(ThrowingSupplier.java:58)
	at org.springframework.util.function.ThrowingSupplier.get(ThrowingSupplier.java:46)
	at org.springframework.boot.SpringApplication.withHook(SpringApplication.java:1461)
	at org.springframework.boot.test.context.SpringBootContextLoader$ContextLoaderHook.run(SpringBootContextLoader.java:563)
	at org.springframework.boot.test.context.SpringBootContextLoader.loadContext(SpringBootContextLoader.java:144)
	at org.springframework.boot.test.context.SpringBootContextLoader.loadContext(SpringBootContextLoader.java:110)
	at org.springframework.test.context.cache.DefaultCacheAwareContextLoaderDelegate.loadContextInternal(DefaultCacheAwareContextLoaderDelegate.java:225)
	at org.springframework.test.context.cache.DefaultCacheAwareContextLoaderDelegate.loadContext(DefaultCacheAwareContextLoaderDelegate.java:152)
	... 19 more
Caused by: org.springframework.beans.factory.BeanCreationException: Error creating bean with name 'liquibase' defined in class path resource [org/springframework/boot/autoconfigure/liquibase/LiquibaseAutoConfiguration$LiquibaseConfiguration.class]: liquibase.exception.CommandExecutionException: liquibase.exception.ValidationFailedException: Validation Failed:
     4 changesets check sum
          db/changelog/changes/01-createUser.sql::create-users-table::abdelrahman was: 9:6ac7981ce197d642d37a1c36516e5077 but is now: 9:f4d92f551c82235e561066d034bf97d3
          db/changelog/changes/02-createClub.sql::create-clubs-table::abdelrahman was: 9:01fb1084f0560833b9aed8818fcc2e83 but is now: 9:97b402dc11593f8806e3d1d110c459f6
          db/changelog/changes/03-createEvent.sql::create-event-table::abdelrahman was: 9:10930c70277f737cb808f40cd454f6df but is now: 9:e4d8378c22683b83204322840b4b1e79
          db/changelog/changes/04-createEventAttendees.sql::create-EventAttendees-table::abdelrahman was: 9:4472faf3fd259e5c0f3fe25c3f3376a8 but is now: 9:a33f347457da141a7f74f6b414fc71b5

	at org.springframework.beans.factory.support.AbstractAutowireCapableBeanFactory.initializeBean(AbstractAutowireCapableBeanFactory.java:1826)
	at org.springframework.beans.factory.support.AbstractAutowireCapableBeanFactory.doCreateBean(AbstractAutowireCapableBeanFactory.java:607)
	at org.springframework.beans.factory.support.AbstractAutowireCapableBeanFactory.createBean(AbstractAutowireCapableBeanFactory.java:529)
	at org.springframework.beans.factory.support.AbstractBeanFactory.lambda$doGetBean$0(AbstractBeanFactory.java:339)
	at org.springframework.beans.factory.support.DefaultSingletonBeanRegistry.getSingleton(DefaultSingletonBeanRegistry.java:373)
	at org.springframework.beans.factory.support.AbstractBeanFactory.doGetBean(AbstractBeanFactory.java:337)
	at org.springframework.beans.factory.support.AbstractBeanFactory.getBean(AbstractBeanFactory.java:202)
	at org.springframework.beans.factory.support.AbstractBeanFactory.doGetBean(AbstractBeanFactory.java:315)
	... 34 more
Caused by: liquibase.exception.LiquibaseException: liquibase.exception.CommandExecutionException: liquibase.exception.ValidationFailedException: Validation Failed:
     4 changesets check sum
          db/changelog/changes/01-createUser.sql::create-users-table::abdelrahman was: 9:6ac7981ce197d642d37a1c36516e5077 but is now: 9:f4d92f551c82235e561066d034bf97d3
          db/changelog/changes/02-createClub.sql::create-clubs-table::abdelrahman was: 9:01fb1084f0560833b9aed8818fcc2e83 but is now: 9:97b402dc11593f8806e3d1d110c459f6
          db/changelog/changes/03-createEvent.sql::create-event-table::abdelrahman was: 9:10930c70277f737cb808f40cd454f6df but is now: 9:e4d8378c22683b83204322840b4b1e79
          db/changelog/changes/04-createEventAttendees.sql::create-EventAttendees-table::abdelrahman was: 9:4472faf3fd259e5c0f3fe25c3f3376a8 but is now: 9:a33f347457da141a7f74f6b414fc71b5

	at liquibase.integration.spring.SpringLiquibase.afterPropertiesSet(SpringLiquibase.java:288)
	at org.springframework.beans.factory.support.AbstractAutowireCapableBeanFactory.invokeInitMethods(AbstractAutowireCapableBeanFactory.java:1873)
	at org.springframework.beans.factory.support.AbstractAutowireCapableBeanFactory.initializeBean(AbstractAutowireCapableBeanFactory.java:1822)
	... 41 more
Caused by: liquibase.exception.CommandExecutionException: liquibase.exception.ValidationFailedException: Validation Failed:
     4 changesets check sum
          db/changelog/changes/01-createUser.sql::create-users-table::abdelrahman was: 9:6ac7981ce197d642d37a1c36516e5077 but is now: 9:f4d92f551c82235e561066d034bf97d3
          db/changelog/changes/02-createClub.sql::create-clubs-table::abdelrahman was: 9:01fb1084f0560833b9aed8818fcc2e83 but is now: 9:97b402dc11593f8806e3d1d110c459f6
          db/changelog/changes/03-createEvent.sql::create-event-table::abdelrahman was: 9:10930c70277f737cb808f40cd454f6df but is now: 9:e4d8378c22683b83204322840b4b1e79
          db/changelog/changes/04-createEventAttendees.sql::create-EventAttendees-table::abdelrahman was: 9:4472faf3fd259e5c0f3fe25c3f3376a8 but is now: 9:a33f347457da141a7f74f6b414fc71b5

	at liquibase.command.CommandScope.lambda$execute$6(CommandScope.java:300)
	at liquibase.Scope.child(Scope.java:210)
	at liquibase.Scope.child(Scope.java:186)
	at liquibase.command.CommandScope.execute(CommandScope.java:241)
	at liquibase.Liquibase.lambda$update$0(Liquibase.java:216)
	at liquibase.Scope.lambda$child$0(Scope.java:201)
	at liquibase.Scope.child(Scope.java:210)
	at liquibase.Scope.child(Scope.java:200)
	at liquibase.Scope.child(Scope.java:179)
	at liquibase.Liquibase.runInScope(Liquibase.java:1333)
	at liquibase.Liquibase.update(Liquibase.java:205)
	at liquibase.Liquibase.update(Liquibase.java:188)
	at liquibase.integration.spring.SpringLiquibase.performUpdate(SpringLiquibase.java:326)
	at liquibase.integration.spring.SpringLiquibase.lambda$afterPropertiesSet$0(SpringLiquibase.java:278)
	at liquibase.Scope.lambda$child$0(Scope.java:201)
	at liquibase.Scope.child(Scope.java:210)
	at liquibase.Scope.child(Scope.java:200)
	at liquibase.Scope.child(Scope.java:179)
	at liquibase.integration.spring.SpringLiquibase.afterPropertiesSet(SpringLiquibase.java:271)
	... 43 more
Caused by: liquibase.exception.ValidationFailedException: Validation Failed:
     4 changesets check sum
          db/changelog/changes/01-createUser.sql::create-users-table::abdelrahman was: 9:6ac7981ce197d642d37a1c36516e5077 but is now: 9:f4d92f551c82235e561066d034bf97d3
          db/changelog/changes/02-createClub.sql::create-clubs-table::abdelrahman was: 9:01fb1084f0560833b9aed8818fcc2e83 but is now: 9:97b402dc11593f8806e3d1d110c459f6
          db/changelog/changes/03-createEvent.sql::create-event-table::abdelrahman was: 9:10930c70277f737cb808f40cd454f6df but is now: 9:e4d8378c22683b83204322840b4b1e79
          db/changelog/changes/04-createEventAttendees.sql::create-EventAttendees-table::abdelrahman was: 9:4472faf3fd259e5c0f3fe25c3f3376a8 but is now: 9:a33f347457da141a7f74f6b414fc71b5

	at liquibase.changelog.DatabaseChangeLog.validate(DatabaseChangeLog.java:384)
	at liquibase.command.core.helpers.DatabaseChangelogCommandStep.run(DatabaseChangelogCommandStep.java:88)
	at liquibase.command.CommandScope.lambda$execute$6(CommandScope.java:253)
	... 61 more

